Mode: bgd, Cost: 391940.819589, Perc_C: 38.892919, Delta_Cost: 19.446459, Time: 14.476763
Mode: bgd, Cost: 316331.168952, Perc_C: 19.291089, Delta_Cost: 19.368774, Time: 29.743125
Mode: bgd, Cost: 312457.724859, Perc_C: 1.224490, Delta_Cost: 10.296632, Time: 45.004551
Mode: bgd, Cost: 309572.160675, Perc_C: 0.923505, Delta_Cost: 5.610069, Time: 60.271512
Mode: bgd, Cost: 307340.584708, Perc_C: 0.720858, Delta_Cost: 3.165463, Time: 75.499571
Mode: bgd, Cost: 305500.952229, Perc_C: 0.598565, Delta_Cost: 1.882014, Time: 90.899046
Mode: bgd, Cost: 303864.224922, Perc_C: 0.535752, Delta_Cost: 1.208883, Time: 106.191747
Mode: bgd, Cost: 302383.211691, Perc_C: 0.487393, Delta_Cost: 0.848138, Time: 121.551656
Mode: bgd, Cost: 301040.522541, Perc_C: 0.444036, Delta_Cost: 0.646087, Time: 136.880317
Mode: bgd, Cost: 299793.036920, Perc_C: 0.414391, Delta_Cost: 0.530239, Time: 152.336226
Mode: bgd, Cost: 298610.320586, Perc_C: 0.394511, Delta_Cost: 0.462375, Time: 167.720522
Mode: bgd, Cost: 297497.804698, Perc_C: 0.372564, Delta_Cost: 0.417470, Time: 183.165932
Mode: bgd, Cost: 296422.191056, Perc_C: 0.361553, Delta_Cost: 0.389512, Time: 198.546571
Mode: bgd, Cost: 295374.195919, Perc_C: 0.353548, Delta_Cost: 0.371530, Time: 213.912943
Mode: bgd, Cost: 294362.247094, Perc_C: 0.342599, Delta_Cost: 0.357064, Time: 229.293804
Mode: bgd, Cost: 293374.945513, Perc_C: 0.335404, Delta_Cost: 0.346234, Time: 244.718347
Mode: bgd, Cost: 292407.490232, Perc_C: 0.329768, Delta_Cost: 0.338001, Time: 260.203821
Mode: bgd, Cost: 291462.690871, Perc_C: 0.323111, Delta_Cost: 0.330556, Time: 275.721313
Mode: bgd, Cost: 290528.424815, Perc_C: 0.320544, Delta_Cost: 0.325550, Time: 291.169224
Mode: bgd, Cost: 289605.934303, Perc_C: 0.317522, Delta_Cost: 0.321536, Time: 306.727736
Mode: bgd, Cost: 288690.275323, Perc_C: 0.316174, Delta_Cost: 0.318855, Time: 322.260983
Mode: bgd, Cost: 287790.668411, Perc_C: 0.311617, Delta_Cost: 0.315236, Time: 337.686783
Mode: bgd, Cost: 286900.948522, Perc_C: 0.309155, Delta_Cost: 0.312195, Time: 353.133843
Mode: bgd, Cost: 286021.709138, Perc_C: 0.306461, Delta_Cost: 0.309328, Time: 368.640634
Mode: bgd, Cost: 285147.566137, Perc_C: 0.305621, Delta_Cost: 0.307475, Time: 384.093088
Mode: bgd, Cost: 284276.169766, Perc_C: 0.305595, Delta_Cost: 0.306535, Time: 399.576054
Mode: bgd, Cost: 283411.702625, Perc_C: 0.304094, Delta_Cost: 0.305314, Time: 415.011925
Mode: bgd, Cost: 282547.177976, Perc_C: 0.305042, Delta_Cost: 0.305178, Time: 430.419770
Mode: bgd, Cost: 281687.173698, Perc_C: 0.304375, Delta_Cost: 0.304777, Time: 445.837716
Mode: bgd, Cost: 280829.788627, Perc_C: 0.304375, Delta_Cost: 0.304576, Time: 461.272876
Mode: bgd, Cost: 279975.995635, Perc_C: 0.304025, Delta_Cost: 0.304300, Time: 476.679282
Mode: bgd, Cost: 279126.731362, Perc_C: 0.303335, Delta_Cost: 0.303818, Time: 492.103290
Mode: bgd, Cost: 278278.946624, Perc_C: 0.303728, Delta_Cost: 0.303773, Time: 507.544832
Mode: bgd, Cost: 277436.181808, Perc_C: 0.302849, Delta_Cost: 0.303311, Time: 523.024586
Mode: bgd, Cost: 276592.984897, Perc_C: 0.303925, Delta_Cost: 0.303618, Time: 538.433242
Mode: bgd, Cost: 275748.948163, Perc_C: 0.305155, Delta_Cost: 0.304386, Time: 553.905130
Mode: bgd, Cost: 274909.392662, Perc_C: 0.304464, Delta_Cost: 0.304425, Time: 569.301227
Mode: bgd, Cost: 274073.877915, Perc_C: 0.303924, Delta_Cost: 0.304174, Time: 584.762591
Mode: bgd, Cost: 273240.595470, Perc_C: 0.304036, Delta_Cost: 0.304105, Time: 600.116668
Mode: bgd, Cost: 272407.574714, Perc_C: 0.304867, Delta_Cost: 0.304486, Time: 615.499499
Mode: bgd, Cost: 271579.547979, Perc_C: 0.303966, Delta_Cost: 0.304226, Time: 630.889766
Mode: bgd, Cost: 270752.406680, Perc_C: 0.304567, Delta_Cost: 0.304396, Time: 646.249739
Mode: bgd, Cost: 269925.518908, Perc_C: 0.305404, Delta_Cost: 0.304900, Time: 661.598688
Mode: bgd, Cost: 269099.419698, Perc_C: 0.306047, Delta_Cost: 0.305474, Time: 676.952326
Mode: bgd, Cost: 268274.047821, Perc_C: 0.306716, Delta_Cost: 0.306095, Time: 692.384707
Mode: bgd, Cost: 267451.292000, Perc_C: 0.306685, Delta_Cost: 0.306390, Time: 707.911386
Mode: bgd, Cost: 266627.664881, Perc_C: 0.307954, Delta_Cost: 0.307172, Time: 723.286589
Mode: bgd, Cost: 265804.445481, Perc_C: 0.308752, Delta_Cost: 0.307962, Time: 738.572798
Mode: bgd, Cost: 264982.841379, Perc_C: 0.309101, Delta_Cost: 0.308532, Time: 753.857349
Mode: bgd, Cost: 264166.938234, Perc_C: 0.307908, Delta_Cost: 0.308220, Time: 769.055394
Mode: bgd, Cost: 263356.167154, Perc_C: 0.306916, Delta_Cost: 0.307568, Time: 784.330155
Mode: bgd, Cost: 262556.637197, Perc_C: 0.303593, Delta_Cost: 0.305580, Time: 799.623177
Mode: bgd, Cost: 261788.005978, Perc_C: 0.292749, Delta_Cost: 0.299165, Time: 814.869890
Mode: bgd, Cost: 261047.380216, Perc_C: 0.282911, Delta_Cost: 0.291038, Time: 830.129124
Mode: bgd, Cost: 260317.907791, Perc_C: 0.279441, Delta_Cost: 0.285239, Time: 845.316778
Mode: bgd, Cost: 259618.526865, Perc_C: 0.268664, Delta_Cost: 0.276952, Time: 860.622708
Mode: bgd, Cost: 258955.734826, Perc_C: 0.255295, Delta_Cost: 0.266123, Time: 875.942380
Mode: bgd, Cost: 258319.428212, Perc_C: 0.245720, Delta_Cost: 0.255922, Time: 891.248698
Mode bgd, num iter 57
 time:
[14.476799999999999, 29.743144, 45.004582, 60.27153, 75.499589, 90.899065, 106.19176499999999, 121.551676, 136.880335, 152.336245, 167.720541, 183.16594899999998, 198.546596, 213.912972, 229.293824, 244.718366, 260.203842, 275.721332, 291.169251, 306.727753, 322.261001, 337.686801, 353.13386099999997, 368.640652, 384.093106, 399.576085, 415.01194399999997, 430.419789, 445.837734, 461.272895, 476.679299, 492.10330899999997, 507.544859, 523.0246030000001, 538.43326, 553.905147, 569.3012450000001, 584.762609, 600.1166870000001, 615.4995180000001, 630.8897850000001, 646.249756, 661.5987110000001, 676.952344, 692.3847330000001, 707.9114040000001, 723.286651, 738.5728250000001, 753.8573670000001, 769.055421, 784.330175, 799.623194, 814.869908, 830.129143, 845.3167960000001, 860.622727, 875.942399]
costs:
[391940.8195894016, 316331.1689522043, 312457.72485900857, 309572.1606745865, 307340.58470790373, 305500.9522290202, 303864.22492182493, 302383.2116907838, 301040.5225412869, 299793.03691984515, 298610.32058560173, 297497.80469753017, 296422.19105574576, 295374.1959186959, 294362.2470941338, 293374.9455132112, 292407.49023241457, 291462.6908708833, 290528.4248148372, 289605.9343028993, 288690.2753229769, 287790.6684107288, 286900.94852226414, 286021.709138336, 285147.56613713154, 284276.1697664503, 283411.70262467023, 282547.1779762307, 281687.1736984931, 280829.78862660105, 279975.99563489197, 279126.7313624541, 278278.94662375597, 277436.18180777726, 276592.98489688867, 275748.9481627557, 274909.39266168256, 274073.8779150967, 273240.595469753, 272407.57471442124, 271579.5479788487, 270752.40668036486, 269925.51890793693, 269099.41969845456, 268274.0478210259, 267451.29200006917, 266627.66488108673, 265804.44548120507, 264982.84137878567, 264166.9382344038, 263356.16715436225, 262556.63719657785, 261788.00597804284, 261047.3802160875, 260317.90779077695, 259618.52686531356, 258955.73482555329]

Mode: sgd, Cost: 615537.000700, Perc_C: 4.032273, Delta_Cost: 2.016137, Time: 0.129791
Mode: sgd, Cost: 592329.260700, Perc_C: 3.770324, Delta_Cost: 2.893230, Time: 0.256105
Mode: sgd, Cost: 563581.514673, Perc_C: 4.853339, Delta_Cost: 3.873285, Time: 0.385565
Mode: sgd, Cost: 537589.316521, Perc_C: 4.611968, Delta_Cost: 4.242626, Time: 0.525696
Mode: sgd, Cost: 511319.391288, Perc_C: 4.886616, Delta_Cost: 4.564621, Time: 0.648580
Mode: sgd, Cost: 486410.765247, Perc_C: 4.871442, Delta_Cost: 4.718031, Time: 0.775710
Mode: sgd, Cost: 463901.303267, Perc_C: 4.627665, Delta_Cost: 4.672848, Time: 0.907151
Mode: sgd, Cost: 442052.764933, Perc_C: 4.709739, Delta_Cost: 4.691293, Time: 1.034721
Mode: sgd, Cost: 414708.085352, Perc_C: 6.185841, Delta_Cost: 5.438567, Time: 1.162333
Mode: sgd, Cost: 390599.813037, Perc_C: 5.813311, Delta_Cost: 5.625939, Time: 1.295189
Mode: sgd, Cost: 365538.818901, Perc_C: 6.416028, Delta_Cost: 6.020984, Time: 1.417933
Mode: sgd, Cost: 387746.616685, Perc_C: 6.075360, Delta_Cost: 6.048172, Time: 1.547580
Mode: sgd, Cost: 366599.197272, Perc_C: 5.453928, Delta_Cost: 5.751050, Time: 1.671889
Mode: sgd, Cost: 346807.563119, Perc_C: 5.398712, Delta_Cost: 5.574881, Time: 1.801451
Mode: sgd, Cost: 346828.743957, Perc_C: 0.006107, Delta_Cost: 2.790494, Time: 1.934820
Mode: sgd, Cost: 365105.549364, Perc_C: 5.269692, Delta_Cost: 4.030093, Time: 2.060323
Mode: sgd, Cost: 341112.954351, Perc_C: 6.571413, Delta_Cost: 5.300753, Time: 2.186833
Mode: sgd, Cost: 354660.340335, Perc_C: 3.971525, Delta_Cost: 4.636139, Time: 2.314870
Mode: sgd, Cost: 375198.332358, Perc_C: 5.790891, Delta_Cost: 5.213515, Time: 2.443957
Mode: sgd, Cost: 354320.969808, Perc_C: 5.564354, Delta_Cost: 5.388934, Time: 2.573014
Mode: sgd, Cost: 340555.307189, Perc_C: 3.885083, Delta_Cost: 4.637008, Time: 2.698913
Mode: sgd, Cost: 331921.432568, Perc_C: 2.535234, Delta_Cost: 3.586121, Time: 2.823978
Mode: sgd, Cost: 330930.194988, Perc_C: 0.298636, Delta_Cost: 1.942379, Time: 2.958540
Mode: sgd, Cost: 327845.357808, Perc_C: 0.932172, Delta_Cost: 1.437275, Time: 3.089218
Mode: sgd, Cost: 327490.274170, Perc_C: 0.108308, Delta_Cost: 0.772792, Time: 3.218497
Mode: sgd, Cost: 327497.849636, Perc_C: 0.002313, Delta_Cost: 0.387552, Time: 3.345536
Mode: sgd, Cost: 326211.473272, Perc_C: 0.392789, Delta_Cost: 0.390171, Time: 3.482571
Mode: sgd, Cost: 326216.666817, Perc_C: 0.001592, Delta_Cost: 0.195881, Time: 3.611414
Mode: sgd, Cost: 326221.859843, Perc_C: 0.001592, Delta_Cost: 0.098737, Time: 3.744019
Mode: sgd, Cost: 326227.052349, Perc_C: 0.001592, Delta_Cost: 0.050164, Time: 3.869056
Mode: sgd, Cost: 326232.244336, Perc_C: 0.001592, Delta_Cost: 0.025878, Time: 3.995851
Mode: sgd, Cost: 326237.435804, Perc_C: 0.001591, Delta_Cost: 0.013735, Time: 4.123055
Mode: sgd, Cost: 326242.626753, Perc_C: 0.001591, Delta_Cost: 0.007663, Time: 4.250036
Mode: sgd, Cost: 326247.817183, Perc_C: 0.001591, Delta_Cost: 0.004627, Time: 4.377481
Mode: sgd, Cost: 331414.044781, Perc_C: 1.583529, Delta_Cost: 0.794078, Time: 4.512806
Mode: sgd, Cost: 326047.473622, Perc_C: 1.619295, Delta_Cost: 1.206686, Time: 4.642280
Mode: sgd, Cost: 326055.824867, Perc_C: 0.002561, Delta_Cost: 0.604624, Time: 4.771388
Mode: sgd, Cost: 325797.896135, Perc_C: 0.079106, Delta_Cost: 0.341865, Time: 4.905678
Mode: sgd, Cost: 334261.853995, Perc_C: 2.597917, Delta_Cost: 1.469891, Time: 5.032801
Mode: sgd, Cost: 325590.650715, Perc_C: 2.594135, Delta_Cost: 2.032013, Time: 5.163452
Mode: sgd, Cost: 323456.680425, Perc_C: 0.655415, Delta_Cost: 1.343714, Time: 5.290898
Mode: sgd, Cost: 323465.378949, Perc_C: 0.002689, Delta_Cost: 0.673202, Time: 5.429839
Mode: sgd, Cost: 323474.076603, Perc_C: 0.002689, Delta_Cost: 0.337945, Time: 5.562037
Mode: sgd, Cost: 323482.773387, Perc_C: 0.002689, Delta_Cost: 0.170317, Time: 5.691140
Mode: sgd, Cost: 323491.469302, Perc_C: 0.002688, Delta_Cost: 0.086503, Time: 5.821943
Mode: sgd, Cost: 321337.217755, Perc_C: 0.665938, Delta_Cost: 0.376220, Time: 5.955040
Mode: sgd, Cost: 321343.216224, Perc_C: 0.001867, Delta_Cost: 0.189043, Time: 6.085636
Mode: sgd, Cost: 321946.715093, Perc_C: 0.187805, Delta_Cost: 0.188424, Time: 6.212280
Mode: sgd, Cost: 324326.041917, Perc_C: 0.739044, Delta_Cost: 0.463734, Time: 6.336049
Mode: sgd, Cost: 324334.630904, Perc_C: 0.002648, Delta_Cost: 0.233191, Time: 6.462602
Mode: sgd, Cost: 320437.296114, Perc_C: 1.201640, Delta_Cost: 0.717416, Time: 6.586572
Mode: sgd, Cost: 320440.563575, Perc_C: 0.001020, Delta_Cost: 0.359218, Time: 6.712950
Mode: sgd, Cost: 320443.830709, Perc_C: 0.001020, Delta_Cost: 0.180119, Time: 6.841395
Mode: sgd, Cost: 321210.005660, Perc_C: 0.239098, Delta_Cost: 0.209608, Time: 6.976884
Mode: sgd, Cost: 321207.365650, Perc_C: 0.000822, Delta_Cost: 0.105215, Time: 7.105754
Mode: sgd, Cost: 321204.725903, Perc_C: 0.000822, Delta_Cost: 0.053018, Time: 7.233728
Mode: sgd, Cost: 319987.432203, Perc_C: 0.378978, Delta_Cost: 0.215998, Time: 7.361653
Mode: sgd, Cost: 324370.513520, Perc_C: 1.369767, Delta_Cost: 0.792882, Time: 7.492543
Mode: sgd, Cost: 319142.951969, Perc_C: 1.611602, Delta_Cost: 1.202242, Time: 7.621217
Mode: sgd, Cost: 315051.096850, Perc_C: 1.282139, Delta_Cost: 1.242190, Time: 7.749917
Mode: sgd, Cost: 315052.081931, Perc_C: 0.000313, Delta_Cost: 0.621252, Time: 7.885398
Mode: sgd, Cost: 315053.066913, Perc_C: 0.000313, Delta_Cost: 0.310782, Time: 8.017394
Mode: sgd, Cost: 315054.051796, Perc_C: 0.000313, Delta_Cost: 0.155547, Time: 8.144865
Mode: sgd, Cost: 315844.811202, Perc_C: 0.250992, Delta_Cost: 0.203270, Time: 8.276275
Mode: sgd, Cost: 315843.942411, Perc_C: 0.000275, Delta_Cost: 0.101772, Time: 8.405772
Mode: sgd, Cost: 315811.455537, Perc_C: 0.010286, Delta_Cost: 0.056029, Time: 8.537114
Mode: sgd, Cost: 315043.715249, Perc_C: 0.243101, Delta_Cost: 0.149565, Time: 8.663767
Mode: sgd, Cost: 317138.418289, Perc_C: 0.664893, Delta_Cost: 0.407229, Time: 8.790277
Mode: sgd, Cost: 312838.535815, Perc_C: 1.355838, Delta_Cost: 0.881533, Time: 8.920679
Mode: sgd, Cost: 314648.202307, Perc_C: 0.578467, Delta_Cost: 0.730000, Time: 9.048864
Mode: sgd, Cost: 315359.966989, Perc_C: 0.226210, Delta_Cost: 0.478105, Time: 9.177565
Mode: sgd, Cost: 315426.811906, Perc_C: 0.021196, Delta_Cost: 0.249651, Time: 9.309481
Mode: sgd, Cost: 315423.705214, Perc_C: 0.000985, Delta_Cost: 0.125318, Time: 9.437689
Mode: sgd, Cost: 315420.598832, Perc_C: 0.000985, Delta_Cost: 0.063151, Time: 9.573087
Mode: sgd, Cost: 315417.492760, Perc_C: 0.000985, Delta_Cost: 0.032068, Time: 9.706304
Mode: sgd, Cost: 318266.093245, Perc_C: 0.903121, Delta_Cost: 0.467594, Time: 9.836130
Mode: sgd, Cost: 318259.440424, Perc_C: 0.002090, Delta_Cost: 0.234842, Time: 9.967972
Mode: sgd, Cost: 318252.788267, Perc_C: 0.002090, Delta_Cost: 0.118466, Time: 10.095780
Mode: sgd, Cost: 318464.748445, Perc_C: 0.066601, Delta_Cost: 0.092534, Time: 10.225282
Mode: sgd, Cost: 318457.802757, Perc_C: 0.002181, Delta_Cost: 0.047357, Time: 10.360237
Mode: sgd, Cost: 319662.729135, Perc_C: 0.378363, Delta_Cost: 0.212860, Time: 10.493256
Mode: sgd, Cost: 328430.179318, Perc_C: 2.742719, Delta_Cost: 1.477790, Time: 10.624117
Mode: sgd, Cost: 320546.795663, Perc_C: 2.400323, Delta_Cost: 1.939056, Time: 10.752122
Mode: sgd, Cost: 320538.968371, Perc_C: 0.002442, Delta_Cost: 0.970749, Time: 10.880091
Mode: sgd, Cost: 320531.141862, Perc_C: 0.002442, Delta_Cost: 0.486595, Time: 11.014862
Mode: sgd, Cost: 320523.316135, Perc_C: 0.002441, Delta_Cost: 0.244518, Time: 11.147658
Mode: sgd, Cost: 321463.764147, Perc_C: 0.293410, Delta_Cost: 0.268964, Time: 11.276845
Mode: sgd, Cost: 321455.044358, Perc_C: 0.002713, Delta_Cost: 0.135838, Time: 11.402884
Mode: sgd, Cost: 326854.357322, Perc_C: 1.679648, Delta_Cost: 0.907743, Time: 11.534034
Mode: sgd, Cost: 320579.007420, Perc_C: 1.919922, Delta_Cost: 1.413833, Time: 11.660887
Mode: sgd, Cost: 320570.348807, Perc_C: 0.002701, Delta_Cost: 0.708267, Time: 11.789100
Mode: sgd, Cost: 314157.326525, Perc_C: 2.000504, Delta_Cost: 1.354385, Time: 11.915851
Mode: sgd, Cost: 314237.162243, Perc_C: 0.025413, Delta_Cost: 0.689899, Time: 12.045338
Mode: sgd, Cost: 314234.284915, Perc_C: 0.000916, Delta_Cost: 0.345407, Time: 12.175244
Mode: sgd, Cost: 312903.995008, Perc_C: 0.423343, Delta_Cost: 0.384375, Time: 12.307042
Mode: sgd, Cost: 312908.288197, Perc_C: 0.001372, Delta_Cost: 0.192874, Time: 12.434344
Mode: sgd, Cost: 312912.580957, Perc_C: 0.001372, Delta_Cost: 0.097123, Time: 12.563260
Mode: sgd, Cost: 312916.873288, Perc_C: 0.001372, Delta_Cost: 0.049247, Time: 12.692869
Mode: sgd, Cost: 312921.165190, Perc_C: 0.001372, Delta_Cost: 0.025309, Time: 12.820524
Mode: sgd, Cost: 312925.456662, Perc_C: 0.001371, Delta_Cost: 0.013340, Time: 12.952346
Mode: sgd, Cost: 317282.816327, Perc_C: 1.392459, Delta_Cost: 0.702900, Time: 13.083349
Mode: sgd, Cost: 316360.633310, Perc_C: 0.290650, Delta_Cost: 0.496775, Time: 13.216304
Mode: sgd, Cost: 316369.889818, Perc_C: 0.002926, Delta_Cost: 0.249850, Time: 13.351637
Mode: sgd, Cost: 324373.485195, Perc_C: 2.529822, Delta_Cost: 1.389836, Time: 13.490415
Mode: sgd, Cost: 321228.739363, Perc_C: 0.969483, Delta_Cost: 1.179660, Time: 13.617414
Mode: sgd, Cost: 329588.037466, Perc_C: 2.602288, Delta_Cost: 1.890974, Time: 13.747614
Mode: sgd, Cost: 325017.206566, Perc_C: 1.386832, Delta_Cost: 1.638903, Time: 13.874486
Mode: sgd, Cost: 338100.313929, Perc_C: 4.025358, Delta_Cost: 2.832131, Time: 14.004578
Mode: sgd, Cost: 337153.761928, Perc_C: 0.279962, Delta_Cost: 1.556046, Time: 14.135153
Mode: sgd, Cost: 329954.983281, Perc_C: 2.135162, Delta_Cost: 1.845604, Time: 14.262818
Mode: sgd, Cost: 329971.216521, Perc_C: 0.004920, Delta_Cost: 0.925262, Time: 14.389927
Mode: sgd, Cost: 329987.474541, Perc_C: 0.004927, Delta_Cost: 0.465095, Time: 14.519165
Mode: sgd, Cost: 318897.107901, Perc_C: 3.360845, Delta_Cost: 1.912970, Time: 14.649759
Mode: sgd, Cost: 315651.598684, Perc_C: 1.017729, Delta_Cost: 1.465349, Time: 14.779612
Mode: sgd, Cost: 315068.740061, Perc_C: 0.184653, Delta_Cost: 0.825001, Time: 14.908821
Mode: sgd, Cost: 322202.472663, Perc_C: 2.264183, Delta_Cost: 1.544592, Time: 15.036310
Mode: sgd, Cost: 322215.421259, Perc_C: 0.004019, Delta_Cost: 0.774305, Time: 15.166519
Mode: sgd, Cost: 333066.294646, Perc_C: 3.367584, Delta_Cost: 2.070944, Time: 15.298329
Mode: sgd, Cost: 333082.788586, Perc_C: 0.004952, Delta_Cost: 1.037948, Time: 15.426073
Mode: sgd, Cost: 347661.532047, Perc_C: 4.376913, Delta_Cost: 2.707431, Time: 15.556251
Mode: sgd, Cost: 364609.622632, Perc_C: 4.874882, Delta_Cost: 3.791156, Time: 15.685896
Mode: sgd, Cost: 386217.317695, Perc_C: 5.926255, Delta_Cost: 4.858706, Time: 15.817352
Mode: sgd, Cost: 407354.061931, Perc_C: 5.472759, Delta_Cost: 5.165732, Time: 15.946324
Mode: sgd, Cost: 430774.311138, Perc_C: 5.749359, Delta_Cost: 5.457546, Time: 16.077187
Mode: sgd, Cost: 406433.686429, Perc_C: 5.650436, Delta_Cost: 5.553991, Time: 16.207519
Mode: sgd, Cost: 383529.234765, Perc_C: 5.635471, Delta_Cost: 5.594731, Time: 16.333909
Mode: sgd, Cost: 366623.555104, Perc_C: 4.407925, Delta_Cost: 5.001328, Time: 16.464389
Mode: sgd, Cost: 381429.828908, Perc_C: 4.038550, Delta_Cost: 4.519939, Time: 16.594106
Mode: sgd, Cost: 403671.313031, Perc_C: 5.831081, Delta_Cost: 5.175510, Time: 16.725791
Mode: sgd, Cost: 383275.089589, Perc_C: 5.052681, Delta_Cost: 5.114095, Time: 16.853582
Mode: sgd, Cost: 383296.815969, Perc_C: 0.005669, Delta_Cost: 2.559882, Time: 16.987050
Mode: sgd, Cost: 362861.848880, Perc_C: 5.331369, Delta_Cost: 3.945625, Time: 17.112874
Mode: sgd, Cost: 347239.512626, Perc_C: 4.305312, Delta_Cost: 4.125469, Time: 17.242640
Mode: sgd, Cost: 345103.813708, Perc_C: 0.615051, Delta_Cost: 2.370260, Time: 17.370062
Mode: sgd, Cost: 345120.315013, Perc_C: 0.004782, Delta_Cost: 1.187521, Time: 17.495422
Mode: sgd, Cost: 358956.078619, Perc_C: 4.008968, Delta_Cost: 2.598244, Time: 17.625830
Mode: sgd, Cost: 358974.412998, Perc_C: 0.005108, Delta_Cost: 1.301676, Time: 17.752590
Mode: sgd, Cost: 358992.745543, Perc_C: 0.005107, Delta_Cost: 0.653391, Time: 17.878746
Mode: sgd, Cost: 373106.103212, Perc_C: 3.931377, Delta_Cost: 2.292384, Time: 18.006836
Mode: sgd, Cost: 356399.900577, Perc_C: 4.477601, Delta_Cost: 3.384993, Time: 18.135206
Mode: sgd, Cost: 341054.059087, Perc_C: 4.305793, Delta_Cost: 3.845393, Time: 18.265724
Mode: sgd, Cost: 329397.657669, Perc_C: 3.417758, Delta_Cost: 3.631575, Time: 18.393241
Mode: sgd, Cost: 323615.358073, Perc_C: 1.755416, Delta_Cost: 2.693496, Time: 18.533218
Mode: sgd, Cost: 316585.805536, Perc_C: 2.172194, Delta_Cost: 2.432845, Time: 18.657831
Mode: sgd, Cost: 316594.237539, Perc_C: 0.002663, Delta_Cost: 1.217754, Time: 18.788920
Mode: sgd, Cost: 312041.488987, Perc_C: 1.438039, Delta_Cost: 1.327897, Time: 18.916629
Mode: sgd, Cost: 312046.616039, Perc_C: 0.001643, Delta_Cost: 0.664770, Time: 19.045135
Mode: sgd, Cost: 309816.668057, Perc_C: 0.714620, Delta_Cost: 0.689695, Time: 19.176404
Mode: sgd, Cost: 311445.606712, Perc_C: 0.525775, Delta_Cost: 0.607735, Time: 19.304344
Mode: sgd, Cost: 309604.346701, Perc_C: 0.591198, Delta_Cost: 0.599466, Time: 19.431227
Mode: sgd, Cost: 309606.475014, Perc_C: 0.000687, Delta_Cost: 0.300077, Time: 19.559193
Mode: sgd, Cost: 309608.607460, Perc_C: 0.000689, Delta_Cost: 0.150383, Time: 19.693340
Mode: sgd, Cost: 309266.665047, Perc_C: 0.110443, Delta_Cost: 0.130413, Time: 19.829618
Mode: sgd, Cost: 309264.928162, Perc_C: 0.000562, Delta_Cost: 0.065487, Time: 19.958511
Mode: sgd, Cost: 309263.211862, Perc_C: 0.000555, Delta_Cost: 0.033021, Time: 20.087407
Mode: sgd, Cost: 308109.198565, Perc_C: 0.373149, Delta_Cost: 0.203085, Time: 20.214704
Mode: sgd, Cost: 310284.581824, Perc_C: 0.706043, Delta_Cost: 0.454564, Time: 20.344532
Mode: sgd, Cost: 313971.910575, Perc_C: 1.188370, Delta_Cost: 0.821467, Time: 20.471384
Mode: sgd, Cost: 309358.342228, Perc_C: 1.469421, Delta_Cost: 1.145444, Time: 20.603535
Mode: sgd, Cost: 306078.559507, Perc_C: 1.060189, Delta_Cost: 1.102816, Time: 20.729727
Mode: sgd, Cost: 306062.605069, Perc_C: 0.005213, Delta_Cost: 0.554014, Time: 20.859128
Mode: sgd, Cost: 307660.261299, Perc_C: 0.522003, Delta_Cost: 0.538009, Time: 20.990284
Mode: sgd, Cost: 306760.949962, Perc_C: 0.292307, Delta_Cost: 0.415158, Time: 21.122908
Mode: sgd, Cost: 306763.515849, Perc_C: 0.000836, Delta_Cost: 0.207997, Time: 21.249644
Mode: sgd, Cost: 306766.081479, Perc_C: 0.000836, Delta_Cost: 0.104417, Time: 21.377022
Mode: sgd, Cost: 306768.646852, Perc_C: 0.000836, Delta_Cost: 0.052626, Time: 21.507334
Mode: sgd, Cost: 307247.916397, Perc_C: 0.156232, Delta_Cost: 0.104429, Time: 21.634297
Mode: sgd, Cost: 307246.447186, Perc_C: 0.000478, Delta_Cost: 0.052454, Time: 21.765204
Mode: sgd, Cost: 307523.282078, Perc_C: 0.090102, Delta_Cost: 0.071278, Time: 21.891038
Mode: sgd, Cost: 307525.952232, Perc_C: 0.000868, Delta_Cost: 0.036073, Time: 22.017033
Mode: sgd, Cost: 309622.554830, Perc_C: 0.681764, Delta_Cost: 0.358919, Time: 22.146756
Mode: sgd, Cost: 313763.078625, Perc_C: 1.337281, Delta_Cost: 0.848100, Time: 22.273631
Mode: sgd, Cost: 320916.620258, Perc_C: 2.279918, Delta_Cost: 1.564009, Time: 22.406054
Mode: sgd, Cost: 313795.784763, Perc_C: 2.218905, Delta_Cost: 1.891457, Time: 22.535684
Mode: sgd, Cost: 313804.703167, Perc_C: 0.002842, Delta_Cost: 0.947150, Time: 22.665197
Mode: sgd, Cost: 307386.763206, Perc_C: 2.045202, Delta_Cost: 1.496176, Time: 22.793682
Mode: sgd, Cost: 307392.826811, Perc_C: 0.001973, Delta_Cost: 0.749074, Time: 22.923132
Mode: sgd, Cost: 307398.889810, Perc_C: 0.001972, Delta_Cost: 0.375523, Time: 23.051319
Mode: sgd, Cost: 304374.050051, Perc_C: 0.984011, Delta_Cost: 0.679767, Time: 23.183480
Mode: sgd, Cost: 304377.450227, Perc_C: 0.001117, Delta_Cost: 0.340442, Time: 23.315765
Mode: sgd, Cost: 304072.733829, Perc_C: 0.100111, Delta_Cost: 0.220277, Time: 23.448406
Mode: sgd, Cost: 304072.243536, Perc_C: 0.000161, Delta_Cost: 0.110219, Time: 23.572344
Mode: sgd, Cost: 304071.753292, Perc_C: 0.000161, Delta_Cost: 0.055190, Time: 23.703621
Mode: sgd, Cost: 304071.263097, Perc_C: 0.000161, Delta_Cost: 0.027676, Time: 23.834209
Mode: sgd, Cost: 304448.300398, Perc_C: 0.123996, Delta_Cost: 0.075836, Time: 23.969394
Mode: sgd, Cost: 304451.558749, Perc_C: 0.001070, Delta_Cost: 0.038453, Time: 24.094031
Mode: sgd, Cost: 304472.192579, Perc_C: 0.006777, Delta_Cost: 0.022615, Time: 24.220443
Mode: sgd, Cost: 304472.688340, Perc_C: 0.000163, Delta_Cost: 0.011389, Time: 24.351063
Mode: sgd, Cost: 304473.184051, Perc_C: 0.000163, Delta_Cost: 0.005776, Time: 24.478339
Mode: sgd, Cost: 304473.679713, Perc_C: 0.000163, Delta_Cost: 0.002969, Time: 24.608001
Mode: sgd, Cost: 304474.175326, Perc_C: 0.000163, Delta_Cost: 0.001566, Time: 24.736497
Mode: sgd, Cost: 304474.670889, Perc_C: 0.000163, Delta_Cost: 0.000864, Time: 24.864503
Mode sgd, num iter 191
 time:
[0.12980900000002293, 0.2561230000000023, 0.3855839999999944, 0.5257139999999936, 0.6486010000000988, 0.7757390000000441, 0.9071870000000217, 1.0347400000000562, 1.1623500000000604, 1.2952060000000074, 1.4179599999999937, 1.547598999999991, 1.6719430000000557, 1.8014689999999973, 1.9348380000000134, 2.060340999999994, 2.1868520000000444, 2.3148920000001, 2.4439740000000256, 2.573037999999997, 2.6989320000000134, 2.823996000000079, 2.9585590000000366, 3.089236000000028, 3.218515000000025, 3.3455529999999953, 3.482594000000063, 3.611432000000036, 3.7440370000000485, 3.8690730000000713, 3.995868000000087, 4.12307300000009, 4.250054000000091, 4.377499000000057, 4.512825000000021, 4.642297000000099, 4.77140600000007, 4.905701000000022, 5.032820000000015, 5.163481000000047, 5.290917000000036, 5.429858000000081, 5.5620550000001, 5.691164000000072, 5.821962000000099, 5.955058000000008, 6.085653000000093, 6.21229900000003, 6.3360660000000735, 6.462619000000018, 6.586589000000004, 6.712968000000046, 6.841411999999991, 6.9769019999999955, 7.105777000000103, 7.2337459999999965, 7.361689000000069, 7.492560000000026, 7.621237000000065, 7.749970000000076, 7.8854160000000775, 8.017412000000036, 8.14488300000005, 8.276295000000005, 8.405799000000002, 8.53713300000004, 8.663785000000075, 8.790295000000015, 8.920697000000018, 9.048881000000051, 9.17758200000003, 9.309500000000071, 9.43770900000004, 9.573106000000053, 9.706322, 9.836146000000099, 9.9679900000001, 10.095797000000061, 10.225302000000056, 10.360271000000012, 10.49327500000004, 10.624136000000021, 10.752140000000054, 10.880108000000064, 11.014890000000037, 11.147682000000032, 11.276864000000046, 11.402903000000038, 11.534052000000088, 11.66090900000006, 11.789119000000028, 11.91587000000004, 12.045364000000063, 12.175263000000086, 12.307060000000092, 12.434363000000076, 12.56327900000008, 12.692893000000026, 12.820543000000043, 12.952362999999991, 13.083366000000069, 13.216322000000105, 13.351654000000053, 13.49043400000005, 13.617435999999998, 13.74763100000007, 13.874541000000022, 14.004597000000103, 14.135171000000014, 14.262834999999995, 14.389946000000009, 14.519183999999996, 14.64977900000008, 14.779641000000083, 14.908839000000057, 15.03633000000002, 15.166536000000065, 15.298346000000038, 15.42609200000004, 15.556268000000046, 15.685913000000028, 15.817375000000084, 15.946346000000062, 16.07720500000005, 16.207536000000005, 16.33392600000002, 16.46440700000005, 16.594122000000084, 16.725810000000024, 16.853601000000026, 16.987077999999997, 17.11290000000008, 17.242661999999996, 17.37008000000003, 17.49544000000003, 17.62584800000002, 17.752609000000007, 17.878764000000047, 18.00685800000008, 18.135223999999994, 18.265741000000048, 18.393259000000057, 18.5332360000001, 18.657852000000048, 18.788939000000028, 18.916646000000014, 19.04515200000003, 19.176422000000002, 19.304360000000088, 19.431243999999992, 19.559210000000007, 19.693360000000098, 19.829675000000066, 19.958528, 20.087425000000053, 20.214721000000054, 20.344551000000024, 20.471401000000014, 20.603552000000036, 20.72974600000009, 20.859148000000005, 20.99030300000004, 21.122927000000004, 21.249662000000058, 21.37703900000008, 21.507351000000085, 21.634315000000015, 21.76522299999999, 21.89105500000005, 22.017052000000035, 22.14677400000005, 22.27365000000009, 22.406072999999992, 22.535703000000012, 22.6652160000001, 22.793700000000058, 22.923154000000068, 23.051337000000103, 23.1834980000001, 23.31578300000001, 23.448436000000015, 23.57237500000008, 23.703640000000064, 23.834227000000055, 23.969412000000034, 24.09404900000004, 24.220461, 24.35108200000002, 24.47835500000008, 24.608022000000005, 24.736538999999993]
costs:
[615537.0007, 592329.260699805, 563581.5146733338, 537589.3165210459, 511319.3912879619, 486410.7652467734, 463901.30326727993, 442052.7649332561, 414708.085351633, 390599.8130369123, 365538.8189005042, 387746.61668538174, 366599.19727234053, 346807.5631185515, 346828.74395695823, 365105.5493641666, 341112.954350965, 354660.3403351967, 375198.3323582893, 354320.9698075811, 340555.3071885195, 331921.4325677941, 330930.19498768344, 327845.35780766996, 327490.27417028317, 327497.8496357149, 326211.47327155346, 326216.66681673715, 326221.85984256875, 326227.0523490996, 326232.2443363804, 326237.4358044624, 326242.6267534039, 326247.8171832488, 331414.0447809934, 326047.47362182656, 326055.8248670892, 325797.8961353774, 334261.8539947058, 325590.6507153873, 323456.68042483873, 323465.3789488288, 323474.0766029696, 323482.7733873441, 323491.4693020426, 321337.21775471524, 321343.21622449276, 321946.7150926628, 324326.04191657325, 324334.6309038944, 320437.2961138105, 320440.5635749473, 320443.83070933964, 321210.00566020707, 321207.3656496487, 321204.72590309323, 319987.432202643, 324370.51352020545, 319142.95196869335, 315051.09685033525, 315052.08193069306, 315053.0669125444, 315054.05179589964, 315844.8112024066, 315843.94241096283, 315811.4555369988, 315043.71524870675, 317138.41828920547, 312838.5358151649, 314648.20230666705, 315359.96698875044, 315426.81190644327, 315423.7052137761, 315420.59883178095, 315417.4927604241, 318266.09324516455, 318259.44042353734, 318252.78826719476, 318464.7484445888, 318457.8027572988, 319662.7291352469, 328430.1793175037, 320546.7956630593, 320538.968371063, 320531.1418617981, 320523.31613518624, 321463.7641473849, 321455.0443583504, 326854.3573223655, 320579.0074204788, 320570.34880717465, 314157.3265254008, 314237.1622429954, 314234.28491502773, 312903.99500752, 312908.2881969753, 312912.5809571124, 312916.87328797625, 312921.16518960893, 312925.45666205464, 317282.8163268184, 316360.6333097667, 316369.8898177969, 324373.4851954786, 321228.7393628486, 329588.03746633476, 325017.20656556566, 338100.31392922584, 337153.7619280658, 329954.9832807321, 329971.2165208833, 329987.47454117995, 318897.1079009404, 315651.5986839378, 315068.7400614844, 322202.47266349726, 322215.42125909775, 333066.2946463812, 333082.7885857301, 347661.5320465592, 364609.62263212644, 386217.31769521156, 407354.06193129317, 430774.31113805313, 406433.6864287685, 383529.23476520967, 366623.55510429345, 381429.82890842267, 403671.3130306137, 383275.0895894459, 383296.81596893, 362861.8488803431, 347239.512626138, 345103.81370750285, 345120.3150128053, 358956.078618953, 358974.41299794184, 358992.74554349284, 373106.1032116666, 356399.9005765046, 341054.05908723566, 329397.6576689685, 323615.3580727273, 316585.805536234, 316594.23753911926, 312041.488987023, 312046.6160392633, 309816.66805698513, 311445.60671181517, 309604.3467009473, 309606.4750136813, 309608.607459515, 309266.66504709254, 309264.92816152156, 309263.21186209354, 308109.19856542826, 310284.58182435785, 313971.91057469975, 309358.34222788917, 306078.55950655945, 306062.6050692508, 307660.26129880454, 306760.94996223215, 306763.5158488693, 306766.08147892135, 306768.6468524164, 307247.9163967825, 307246.4471861812, 307523.2820781745, 307525.9522317998, 309622.55483031576, 313763.07862453023, 320916.62025838037, 313795.7847629521, 313804.70316673943, 307386.7632060559, 307392.8268111219, 307398.8898098318, 304374.05005115893, 304377.45022710087, 304072.73382901534, 304072.2435359276, 304071.7532918745, 304071.26309684984, 304448.30039824476, 304451.55874927406, 304472.19257880055, 304472.68833991926, 304473.18405146693, 304473.6797134465, 304474.1753258645]

Mode: mbgd, Cost: 640462.980001, Perc_C: 0.146090, Delta_Cost: 0.073045, Time: 0.144839
Mode: mbgd, Cost: 638584.310811, Perc_C: 0.293330, Delta_Cost: 0.183187, Time: 0.283918
Mode: mbgd, Cost: 636098.433244, Perc_C: 0.389279, Delta_Cost: 0.286233, Time: 0.426584
Mode: mbgd, Cost: 634961.377832, Perc_C: 0.178755, Delta_Cost: 0.232494, Time: 0.572258
Mode: mbgd, Cost: 633083.003434, Perc_C: 0.295825, Delta_Cost: 0.264160, Time: 0.719687
Mode: mbgd, Cost: 631562.130651, Perc_C: 0.240233, Delta_Cost: 0.252196, Time: 0.862737
Mode: mbgd, Cost: 630435.819191, Perc_C: 0.178337, Delta_Cost: 0.215267, Time: 1.008856
Mode: mbgd, Cost: 628952.988733, Perc_C: 0.235207, Delta_Cost: 0.225237, Time: 1.150552
Mode: mbgd, Cost: 627995.999555, Perc_C: 0.152156, Delta_Cost: 0.188696, Time: 1.293551
Mode: mbgd, Cost: 626452.011213, Perc_C: 0.245860, Delta_Cost: 0.217278, Time: 1.443025
Mode: mbgd, Cost: 625310.834214, Perc_C: 0.182165, Delta_Cost: 0.199722, Time: 1.591870
Mode: mbgd, Cost: 625408.108206, Perc_C: 0.015556, Delta_Cost: 0.107639, Time: 1.734711
Mode: mbgd, Cost: 623947.822193, Perc_C: 0.233493, Delta_Cost: 0.170566, Time: 1.881726
Mode: mbgd, Cost: 622504.447445, Perc_C: 0.231329, Delta_Cost: 0.200948, Time: 2.023840
Mode: mbgd, Cost: 620939.463949, Perc_C: 0.251401, Delta_Cost: 0.226174, Time: 2.167629
Mode: mbgd, Cost: 619390.091823, Perc_C: 0.249521, Delta_Cost: 0.237848, Time: 2.315632
Mode: mbgd, Cost: 617035.401073, Perc_C: 0.380163, Delta_Cost: 0.309005, Time: 2.459759
Mode: mbgd, Cost: 616526.932306, Perc_C: 0.082405, Delta_Cost: 0.195705, Time: 2.605147
Mode: mbgd, Cost: 614699.644017, Perc_C: 0.296384, Delta_Cost: 0.246045, Time: 2.748006
Mode: mbgd, Cost: 614153.167261, Perc_C: 0.088901, Delta_Cost: 0.167473, Time: 2.895715
Mode: mbgd, Cost: 612578.461016, Perc_C: 0.256403, Delta_Cost: 0.211938, Time: 3.036152
Mode: mbgd, Cost: 610980.696153, Perc_C: 0.260826, Delta_Cost: 0.236382, Time: 3.176777
Mode: mbgd, Cost: 610041.142672, Perc_C: 0.153778, Delta_Cost: 0.195080, Time: 3.321363
Mode: mbgd, Cost: 608162.560032, Perc_C: 0.307944, Delta_Cost: 0.251512, Time: 3.464152
Mode: mbgd, Cost: 606149.899017, Perc_C: 0.330941, Delta_Cost: 0.291227, Time: 3.608663
Mode: mbgd, Cost: 604259.139752, Perc_C: 0.311929, Delta_Cost: 0.301578, Time: 3.754259
Mode: mbgd, Cost: 602846.532100, Perc_C: 0.233775, Delta_Cost: 0.267677, Time: 3.898433
Mode: mbgd, Cost: 601275.645673, Perc_C: 0.260578, Delta_Cost: 0.264127, Time: 4.050420
Mode: mbgd, Cost: 599372.270638, Perc_C: 0.316556, Delta_Cost: 0.290342, Time: 4.190683
Mode: mbgd, Cost: 597753.877236, Perc_C: 0.270015, Delta_Cost: 0.280178, Time: 4.331115
Mode: mbgd, Cost: 596845.955223, Perc_C: 0.151889, Delta_Cost: 0.216034, Time: 4.485845
Mode: mbgd, Cost: 595783.193997, Perc_C: 0.178063, Delta_Cost: 0.197048, Time: 4.628548
Mode: mbgd, Cost: 594681.803704, Perc_C: 0.184864, Delta_Cost: 0.190956, Time: 4.778168
Mode: mbgd, Cost: 593453.624390, Perc_C: 0.206527, Delta_Cost: 0.198742, Time: 4.921184
Mode: mbgd, Cost: 592043.486184, Perc_C: 0.237616, Delta_Cost: 0.218179, Time: 5.064211
Mode: mbgd, Cost: 590157.549219, Perc_C: 0.318547, Delta_Cost: 0.268363, Time: 5.210107
Mode: mbgd, Cost: 587784.063908, Perc_C: 0.402178, Delta_Cost: 0.335271, Time: 5.352008
Mode: mbgd, Cost: 586747.300573, Perc_C: 0.176385, Delta_Cost: 0.255828, Time: 5.495281
Mode: mbgd, Cost: 585293.208168, Perc_C: 0.247823, Delta_Cost: 0.251825, Time: 5.638369
Mode: mbgd, Cost: 584278.156996, Perc_C: 0.173426, Delta_Cost: 0.212626, Time: 5.788227
Mode: mbgd, Cost: 582636.076749, Perc_C: 0.281044, Delta_Cost: 0.246835, Time: 5.932216
Mode: mbgd, Cost: 580186.608002, Perc_C: 0.420411, Delta_Cost: 0.333623, Time: 6.075563
Mode: mbgd, Cost: 580096.191226, Perc_C: 0.015584, Delta_Cost: 0.174604, Time: 6.223938
Mode: mbgd, Cost: 578915.224614, Perc_C: 0.203581, Delta_Cost: 0.189092, Time: 6.366833
Mode: mbgd, Cost: 579350.518945, Perc_C: 0.075191, Delta_Cost: 0.132142, Time: 6.515402
Mode: mbgd, Cost: 577391.163065, Perc_C: 0.338199, Delta_Cost: 0.235170, Time: 6.664629
Mode: mbgd, Cost: 575404.268889, Perc_C: 0.344116, Delta_Cost: 0.289643, Time: 6.820147
Mode: mbgd, Cost: 575357.226305, Perc_C: 0.008176, Delta_Cost: 0.148909, Time: 6.967700
Mode: mbgd, Cost: 573456.373898, Perc_C: 0.330378, Delta_Cost: 0.239644, Time: 7.111714
Mode: mbgd, Cost: 573404.733000, Perc_C: 0.009005, Delta_Cost: 0.124324, Time: 7.265207
Mode: mbgd, Cost: 572648.912205, Perc_C: 0.131813, Delta_Cost: 0.128069, Time: 7.426378
Mode: mbgd, Cost: 570638.232194, Perc_C: 0.351119, Delta_Cost: 0.239594, Time: 7.593581
Mode: mbgd, Cost: 568613.533934, Perc_C: 0.354813, Delta_Cost: 0.297203, Time: 7.750482
Mode: mbgd, Cost: 568046.997329, Perc_C: 0.099635, Delta_Cost: 0.198419, Time: 7.910054
Mode: mbgd, Cost: 565981.761344, Perc_C: 0.363568, Delta_Cost: 0.280993, Time: 8.056890
Mode: mbgd, Cost: 565374.647051, Perc_C: 0.107267, Delta_Cost: 0.194130, Time: 8.201418
Mode: mbgd, Cost: 563940.423364, Perc_C: 0.253677, Delta_Cost: 0.223904, Time: 8.351163
Mode: mbgd, Cost: 563340.260847, Perc_C: 0.106423, Delta_Cost: 0.165163, Time: 8.505391
Mode: mbgd, Cost: 562318.798903, Perc_C: 0.181322, Delta_Cost: 0.173243, Time: 8.649876
Mode: mbgd, Cost: 561304.617848, Perc_C: 0.180357, Delta_Cost: 0.176800, Time: 8.797285
Mode: mbgd, Cost: 560319.727673, Perc_C: 0.175464, Delta_Cost: 0.176132, Time: 8.942115
Mode: mbgd, Cost: 558921.068390, Perc_C: 0.249618, Delta_Cost: 0.212875, Time: 9.084110
Mode: mbgd, Cost: 557382.780322, Perc_C: 0.275225, Delta_Cost: 0.244050, Time: 9.237192
Mode: mbgd, Cost: 555233.343656, Perc_C: 0.385630, Delta_Cost: 0.314840, Time: 9.383305
Mode: mbgd, Cost: 553837.198810, Perc_C: 0.251452, Delta_Cost: 0.283146, Time: 9.528468
Mode: mbgd, Cost: 552664.985148, Perc_C: 0.211653, Delta_Cost: 0.247400, Time: 9.672293
Mode: mbgd, Cost: 550197.622650, Perc_C: 0.446448, Delta_Cost: 0.346924, Time: 9.818765
Mode: mbgd, Cost: 548338.112236, Perc_C: 0.337971, Delta_Cost: 0.342448, Time: 9.967541
Mode: mbgd, Cost: 547793.673295, Perc_C: 0.099289, Delta_Cost: 0.220868, Time: 10.112672
Mode: mbgd, Cost: 546124.364947, Perc_C: 0.304733, Delta_Cost: 0.262801, Time: 10.255517
Mode: mbgd, Cost: 544618.008057, Perc_C: 0.275827, Delta_Cost: 0.269314, Time: 10.401732
Mode: mbgd, Cost: 543521.392436, Perc_C: 0.201355, Delta_Cost: 0.235334, Time: 10.547253
Mode: mbgd, Cost: 542588.237765, Perc_C: 0.171687, Delta_Cost: 0.203511, Time: 10.692170
Mode: mbgd, Cost: 541337.093927, Perc_C: 0.230588, Delta_Cost: 0.217049, Time: 10.832577
Mode: mbgd, Cost: 540833.611069, Perc_C: 0.093007, Delta_Cost: 0.155028, Time: 10.984799
Mode: mbgd, Cost: 538770.948816, Perc_C: 0.381386, Delta_Cost: 0.268207, Time: 11.129135
Mode: mbgd, Cost: 537706.018260, Perc_C: 0.197659, Delta_Cost: 0.232933, Time: 11.274636
Mode: mbgd, Cost: 536080.928700, Perc_C: 0.302226, Delta_Cost: 0.267580, Time: 11.423064
Mode: mbgd, Cost: 534454.670573, Perc_C: 0.303361, Delta_Cost: 0.285470, Time: 11.568908
Mode: mbgd, Cost: 532442.773922, Perc_C: 0.376439, Delta_Cost: 0.330955, Time: 11.712032
Mode: mbgd, Cost: 530950.548963, Perc_C: 0.280260, Delta_Cost: 0.305607, Time: 11.855793
Mode: mbgd, Cost: 529114.765341, Perc_C: 0.345754, Delta_Cost: 0.325681, Time: 12.004102
Mode: mbgd, Cost: 527044.493328, Perc_C: 0.391271, Delta_Cost: 0.358476, Time: 12.151581
Mode: mbgd, Cost: 525677.233038, Perc_C: 0.259420, Delta_Cost: 0.308948, Time: 12.293344
Mode: mbgd, Cost: 523724.173996, Perc_C: 0.371532, Delta_Cost: 0.340240, Time: 12.438069
Mode: mbgd, Cost: 522243.516589, Perc_C: 0.282717, Delta_Cost: 0.311479, Time: 12.582804
Mode: mbgd, Cost: 522042.180310, Perc_C: 0.038552, Delta_Cost: 0.175015, Time: 12.730450
Mode: mbgd, Cost: 520550.664393, Perc_C: 0.285708, Delta_Cost: 0.230362, Time: 12.874049
Mode: mbgd, Cost: 518290.549869, Perc_C: 0.434178, Delta_Cost: 0.332270, Time: 13.016206
Mode: mbgd, Cost: 517195.927135, Perc_C: 0.211199, Delta_Cost: 0.271734, Time: 13.156759
Mode: mbgd, Cost: 515639.335427, Perc_C: 0.300968, Delta_Cost: 0.286351, Time: 13.299426
Mode: mbgd, Cost: 514528.705022, Perc_C: 0.215389, Delta_Cost: 0.250870, Time: 13.445256
Mode: mbgd, Cost: 513463.435591, Perc_C: 0.207038, Delta_Cost: 0.228954, Time: 13.588180
Mode: mbgd, Cost: 511586.317205, Perc_C: 0.365580, Delta_Cost: 0.297267, Time: 13.731142
Mode: mbgd, Cost: 511012.550258, Perc_C: 0.112154, Delta_Cost: 0.204711, Time: 13.879267
Mode: mbgd, Cost: 509610.493932, Perc_C: 0.274368, Delta_Cost: 0.239539, Time: 14.025993
Mode: mbgd, Cost: 507771.028873, Perc_C: 0.360955, Delta_Cost: 0.300247, Time: 14.171090
Mode: mbgd, Cost: 506617.885305, Perc_C: 0.227099, Delta_Cost: 0.263673, Time: 14.316792
Mode: mbgd, Cost: 505128.592802, Perc_C: 0.293968, Delta_Cost: 0.278820, Time: 14.461606
Mode: mbgd, Cost: 504037.461541, Perc_C: 0.216011, Delta_Cost: 0.247415, Time: 14.610464
Mode: mbgd, Cost: 503838.941114, Perc_C: 0.039386, Delta_Cost: 0.143401, Time: 14.754685
Mode: mbgd, Cost: 502842.680996, Perc_C: 0.197734, Delta_Cost: 0.170567, Time: 14.899095
Mode: mbgd, Cost: 501722.911765, Perc_C: 0.222688, Delta_Cost: 0.196628, Time: 15.040060
Mode: mbgd, Cost: 500673.813513, Perc_C: 0.209099, Delta_Cost: 0.202863, Time: 15.185252
Mode: mbgd, Cost: 500470.226060, Perc_C: 0.040663, Delta_Cost: 0.121763, Time: 15.328863
Mode: mbgd, Cost: 497993.869145, Perc_C: 0.494806, Delta_Cost: 0.308285, Time: 15.481675
Mode: mbgd, Cost: 496232.234272, Perc_C: 0.353746, Delta_Cost: 0.331015, Time: 15.624376
Mode: mbgd, Cost: 493817.551004, Perc_C: 0.486603, Delta_Cost: 0.408809, Time: 15.768937
Mode: mbgd, Cost: 491929.209746, Perc_C: 0.382397, Delta_Cost: 0.395603, Time: 15.915241
Mode: mbgd, Cost: 489911.440141, Perc_C: 0.410175, Delta_Cost: 0.402889, Time: 16.062201
Mode: mbgd, Cost: 488563.822184, Perc_C: 0.275074, Delta_Cost: 0.338981, Time: 16.204598
Mode: mbgd, Cost: 488387.745199, Perc_C: 0.036040, Delta_Cost: 0.187511, Time: 16.352081
Mode: mbgd, Cost: 487132.588557, Perc_C: 0.257000, Delta_Cost: 0.222255, Time: 16.503670
Mode: mbgd, Cost: 484745.113162, Perc_C: 0.490108, Delta_Cost: 0.356182, Time: 16.647400
Mode: mbgd, Cost: 482898.599742, Perc_C: 0.380925, Delta_Cost: 0.368553, Time: 16.791561
Mode: mbgd, Cost: 482844.947612, Perc_C: 0.011110, Delta_Cost: 0.189832, Time: 16.939114
Mode: mbgd, Cost: 481745.635713, Perc_C: 0.227674, Delta_Cost: 0.208753, Time: 17.086733
Mode: mbgd, Cost: 479680.744947, Perc_C: 0.428627, Delta_Cost: 0.318690, Time: 17.229224
Mode: mbgd, Cost: 478569.415826, Perc_C: 0.231681, Delta_Cost: 0.275185, Time: 17.368928
Mode: mbgd, Cost: 476110.627914, Perc_C: 0.513779, Delta_Cost: 0.394482, Time: 17.514862
Mode: mbgd, Cost: 474103.002059, Perc_C: 0.421672, Delta_Cost: 0.408077, Time: 17.655775
Mode: mbgd, Cost: 472460.317896, Perc_C: 0.346483, Delta_Cost: 0.377280, Time: 17.803538
Mode: mbgd, Cost: 470120.655301, Perc_C: 0.495208, Delta_Cost: 0.436244, Time: 17.950706
Mode: mbgd, Cost: 469101.974484, Perc_C: 0.216685, Delta_Cost: 0.326465, Time: 18.099852
Mode: mbgd, Cost: 467630.104639, Perc_C: 0.313763, Delta_Cost: 0.320114, Time: 18.244305
Mode: mbgd, Cost: 465210.246247, Perc_C: 0.517473, Delta_Cost: 0.418793, Time: 18.390577
Mode: mbgd, Cost: 463872.899750, Perc_C: 0.287471, Delta_Cost: 0.353132, Time: 18.536529
Mode: mbgd, Cost: 462411.744417, Perc_C: 0.314990, Delta_Cost: 0.334061, Time: 18.682391
Mode: mbgd, Cost: 461377.770274, Perc_C: 0.223605, Delta_Cost: 0.278833, Time: 18.825557
Mode: mbgd, Cost: 460696.856969, Perc_C: 0.147583, Delta_Cost: 0.213208, Time: 18.972129
Mode: mbgd, Cost: 459252.574423, Perc_C: 0.313500, Delta_Cost: 0.263354, Time: 19.115070
Mode: mbgd, Cost: 458271.423040, Perc_C: 0.213641, Delta_Cost: 0.238497, Time: 19.261035
Mode: mbgd, Cost: 458525.402275, Perc_C: 0.055421, Delta_Cost: 0.146959, Time: 19.401885
Mode: mbgd, Cost: 457568.611548, Perc_C: 0.208667, Delta_Cost: 0.177813, Time: 19.549615
Mode: mbgd, Cost: 456184.111730, Perc_C: 0.302578, Delta_Cost: 0.240195, Time: 19.697606
Mode: mbgd, Cost: 454857.143090, Perc_C: 0.290884, Delta_Cost: 0.265540, Time: 19.843812
Mode: mbgd, Cost: 453818.665529, Perc_C: 0.228309, Delta_Cost: 0.246924, Time: 19.990709
Mode: mbgd, Cost: 451962.759035, Perc_C: 0.408953, Delta_Cost: 0.327939, Time: 20.144571
Mode: mbgd, Cost: 450440.444074, Perc_C: 0.336823, Delta_Cost: 0.332381, Time: 20.284618
Mode: mbgd, Cost: 449012.020420, Perc_C: 0.317117, Delta_Cost: 0.324749, Time: 20.436582
Mode: mbgd, Cost: 448592.287796, Perc_C: 0.093479, Delta_Cost: 0.209114, Time: 20.577137
Mode: mbgd, Cost: 447115.355744, Perc_C: 0.329237, Delta_Cost: 0.269176, Time: 20.718536
Mode: mbgd, Cost: 445667.514967, Perc_C: 0.323818, Delta_Cost: 0.296497, Time: 20.863870
Mode: mbgd, Cost: 444200.595450, Perc_C: 0.329151, Delta_Cost: 0.312824, Time: 21.011963
Mode: mbgd, Cost: 444115.946920, Perc_C: 0.019056, Delta_Cost: 0.165940, Time: 21.154629
Mode: mbgd, Cost: 443095.108667, Perc_C: 0.229858, Delta_Cost: 0.197899, Time: 21.297244
Mode: mbgd, Cost: 440763.131576, Perc_C: 0.526293, Delta_Cost: 0.362096, Time: 21.446529
Mode: mbgd, Cost: 439628.666246, Perc_C: 0.257387, Delta_Cost: 0.309741, Time: 21.589000
Mode: mbgd, Cost: 438647.721883, Perc_C: 0.223130, Delta_Cost: 0.266436, Time: 21.732270
Mode: mbgd, Cost: 437185.398475, Perc_C: 0.333371, Delta_Cost: 0.299903, Time: 21.877973
Mode: mbgd, Cost: 436674.906131, Perc_C: 0.116768, Delta_Cost: 0.208336, Time: 22.026334
Mode: mbgd, Cost: 436048.584259, Perc_C: 0.143430, Delta_Cost: 0.175883, Time: 22.174326
Mode: mbgd, Cost: 435473.092937, Perc_C: 0.131979, Delta_Cost: 0.153931, Time: 22.317112
Mode: mbgd, Cost: 433967.482327, Perc_C: 0.345741, Delta_Cost: 0.249836, Time: 22.468053
Mode: mbgd, Cost: 432518.193014, Perc_C: 0.333963, Delta_Cost: 0.291899, Time: 22.613832
Mode: mbgd, Cost: 431459.734873, Perc_C: 0.244720, Delta_Cost: 0.268310, Time: 22.764304
Mode: mbgd, Cost: 429559.297842, Perc_C: 0.440467, Delta_Cost: 0.354388, Time: 22.908394
Mode: mbgd, Cost: 428025.102375, Perc_C: 0.357156, Delta_Cost: 0.355772, Time: 23.055198
Mode: mbgd, Cost: 427860.297943, Perc_C: 0.038503, Delta_Cost: 0.197138, Time: 23.197278
Mode: mbgd, Cost: 425941.104064, Perc_C: 0.448556, Delta_Cost: 0.322847, Time: 23.341000
Mode: mbgd, Cost: 424811.141676, Perc_C: 0.265286, Delta_Cost: 0.294067, Time: 23.484323
Mode: mbgd, Cost: 424192.020170, Perc_C: 0.145740, Delta_Cost: 0.219903, Time: 23.629206
Mode: mbgd, Cost: 422793.139391, Perc_C: 0.329775, Delta_Cost: 0.274839, Time: 23.771591
Mode: mbgd, Cost: 420902.539927, Perc_C: 0.447169, Delta_Cost: 0.361004, Time: 23.920634
Mode: mbgd, Cost: 419856.931904, Perc_C: 0.248420, Delta_Cost: 0.304712, Time: 24.069358
Mode: mbgd, Cost: 419215.904705, Perc_C: 0.152678, Delta_Cost: 0.228695, Time: 24.214430
Mode: mbgd, Cost: 418063.488200, Perc_C: 0.274898, Delta_Cost: 0.251797, Time: 24.361506
Mode: mbgd, Cost: 416591.712787, Perc_C: 0.352046, Delta_Cost: 0.301921, Time: 24.504420
Mode: mbgd, Cost: 415024.548681, Perc_C: 0.376187, Delta_Cost: 0.339054, Time: 24.648385
Mode: mbgd, Cost: 414065.885796, Perc_C: 0.230989, Delta_Cost: 0.285022, Time: 24.799548
Mode: mbgd, Cost: 412483.463894, Perc_C: 0.382167, Delta_Cost: 0.333594, Time: 24.947827
Mode: mbgd, Cost: 412336.713038, Perc_C: 0.035577, Delta_Cost: 0.184586, Time: 25.092953
Mode: mbgd, Cost: 410902.242632, Perc_C: 0.347888, Delta_Cost: 0.266237, Time: 25.235348
Mode: mbgd, Cost: 408566.083683, Perc_C: 0.568544, Delta_Cost: 0.417390, Time: 25.388128
Mode: mbgd, Cost: 406600.556662, Perc_C: 0.481079, Delta_Cost: 0.449235, Time: 25.533132
Mode: mbgd, Cost: 406365.110926, Perc_C: 0.057906, Delta_Cost: 0.253570, Time: 25.677105
Mode: mbgd, Cost: 404764.375760, Perc_C: 0.393916, Delta_Cost: 0.323743, Time: 25.821090
Mode: mbgd, Cost: 402484.122161, Perc_C: 0.563353, Delta_Cost: 0.443548, Time: 25.968412
Mode: mbgd, Cost: 401414.090226, Perc_C: 0.265857, Delta_Cost: 0.354703, Time: 26.112627
Mode: mbgd, Cost: 400404.819211, Perc_C: 0.251429, Delta_Cost: 0.303066, Time: 26.255074
Mode: mbgd, Cost: 397977.049435, Perc_C: 0.606329, Delta_Cost: 0.454697, Time: 26.400631
Mode: mbgd, Cost: 396316.741575, Perc_C: 0.417187, Delta_Cost: 0.435942, Time: 26.546126
Mode: mbgd, Cost: 395349.114997, Perc_C: 0.244155, Delta_Cost: 0.340048, Time: 26.686984
Mode: mbgd, Cost: 394402.269250, Perc_C: 0.239496, Delta_Cost: 0.289772, Time: 26.833680
Mode: mbgd, Cost: 393038.894427, Perc_C: 0.345681, Delta_Cost: 0.317727, Time: 26.980982
Mode: mbgd, Cost: 393368.080340, Perc_C: 0.083754, Delta_Cost: 0.200740, Time: 27.121755
Mode: mbgd, Cost: 391274.076618, Perc_C: 0.532327, Delta_Cost: 0.366534, Time: 27.267096
Mode: mbgd, Cost: 389569.334634, Perc_C: 0.435690, Delta_Cost: 0.401112, Time: 27.411387
Mode: mbgd, Cost: 388184.974067, Perc_C: 0.355357, Delta_Cost: 0.378234, Time: 27.564793
Mode: mbgd, Cost: 386815.114687, Perc_C: 0.352888, Delta_Cost: 0.365561, Time: 27.713472
Mode: mbgd, Cost: 385799.546389, Perc_C: 0.262546, Delta_Cost: 0.314054, Time: 27.857871
Mode: mbgd, Cost: 385229.838859, Perc_C: 0.147669, Delta_Cost: 0.230862, Time: 28.006821
Mode: mbgd, Cost: 384228.421948, Perc_C: 0.259953, Delta_Cost: 0.245407, Time: 28.150363
Mode: mbgd, Cost: 383007.415974, Perc_C: 0.317781, Delta_Cost: 0.281594, Time: 28.299440
Mode: mbgd, Cost: 381862.691069, Perc_C: 0.298878, Delta_Cost: 0.290236, Time: 28.440964
Mode: mbgd, Cost: 379889.687399, Perc_C: 0.516679, Delta_Cost: 0.403457, Time: 28.585356
Mode: mbgd, Cost: 378458.005295, Perc_C: 0.376868, Delta_Cost: 0.390163, Time: 28.731227
Mode: mbgd, Cost: 377474.994306, Perc_C: 0.259741, Delta_Cost: 0.324952, Time: 28.874885
Mode: mbgd, Cost: 375093.034553, Perc_C: 0.631025, Delta_Cost: 0.477988, Time: 29.019261
Mode: mbgd, Cost: 374033.746496, Perc_C: 0.282407, Delta_Cost: 0.380197, Time: 29.164058
Mode: mbgd, Cost: 371645.789737, Perc_C: 0.638434, Delta_Cost: 0.509315, Time: 29.307489
Mode: mbgd, Cost: 370494.584703, Perc_C: 0.309759, Delta_Cost: 0.409537, Time: 29.452685
Mode: mbgd, Cost: 368994.720784, Perc_C: 0.404827, Delta_Cost: 0.407182, Time: 29.599300
Mode: mbgd, Cost: 368329.777937, Perc_C: 0.180204, Delta_Cost: 0.293693, Time: 29.744925
Mode: mbgd, Cost: 368662.905403, Perc_C: 0.090443, Delta_Cost: 0.192068, Time: 29.891911
Mode: mbgd, Cost: 366657.253266, Perc_C: 0.544034, Delta_Cost: 0.368051, Time: 30.037558
Mode: mbgd, Cost: 365612.662602, Perc_C: 0.284896, Delta_Cost: 0.326473, Time: 30.186279
Mode: mbgd, Cost: 364120.392980, Perc_C: 0.408156, Delta_Cost: 0.367315, Time: 30.327829
Mode: mbgd, Cost: 362730.644625, Perc_C: 0.381673, Delta_Cost: 0.374494, Time: 30.474924
Mode: mbgd, Cost: 361244.919168, Perc_C: 0.409595, Delta_Cost: 0.392044, Time: 30.615477
Mode: mbgd, Cost: 359364.157605, Perc_C: 0.520633, Delta_Cost: 0.456339, Time: 30.761706
Mode: mbgd, Cost: 358707.486010, Perc_C: 0.182732, Delta_Cost: 0.319535, Time: 30.905818
Mode: mbgd, Cost: 358572.570217, Perc_C: 0.037612, Delta_Cost: 0.178573, Time: 31.052149
Mode: mbgd, Cost: 356214.814291, Perc_C: 0.657539, Delta_Cost: 0.418056, Time: 31.193273
Mode: mbgd, Cost: 355583.351819, Perc_C: 0.177270, Delta_Cost: 0.297663, Time: 31.340794
Mode: mbgd, Cost: 354417.022167, Perc_C: 0.328005, Delta_Cost: 0.312834, Time: 31.485408
Mode: mbgd, Cost: 352056.446075, Perc_C: 0.666045, Delta_Cost: 0.489439, Time: 31.628593
Mode: mbgd, Cost: 350603.194236, Perc_C: 0.412789, Delta_Cost: 0.451114, Time: 31.773110
Mode: mbgd, Cost: 349638.268688, Perc_C: 0.275219, Delta_Cost: 0.363167, Time: 31.922297
Mode: mbgd, Cost: 348335.060402, Perc_C: 0.372730, Delta_Cost: 0.367948, Time: 32.066790
Mode: mbgd, Cost: 348139.178628, Perc_C: 0.056234, Delta_Cost: 0.212091, Time: 32.212435
Mode: mbgd, Cost: 346815.627363, Perc_C: 0.380179, Delta_Cost: 0.296135, Time: 32.354603
Mode: mbgd, Cost: 346793.962194, Perc_C: 0.006247, Delta_Cost: 0.151191, Time: 32.503207
Mode: mbgd, Cost: 345387.364343, Perc_C: 0.405600, Delta_Cost: 0.278396, Time: 32.647684
Mode: mbgd, Cost: 344706.594606, Perc_C: 0.197103, Delta_Cost: 0.237749, Time: 32.791262
Mode: mbgd, Cost: 344206.634673, Perc_C: 0.145039, Delta_Cost: 0.191394, Time: 32.936911
Mode: mbgd, Cost: 342894.993690, Perc_C: 0.381062, Delta_Cost: 0.286228, Time: 33.087308
Mode: mbgd, Cost: 341398.767326, Perc_C: 0.436351, Delta_Cost: 0.361290, Time: 33.232464
Mode: mbgd, Cost: 340671.309038, Perc_C: 0.213082, Delta_Cost: 0.287186, Time: 33.377762
Mode: mbgd, Cost: 339795.655399, Perc_C: 0.257038, Delta_Cost: 0.272112, Time: 33.522104
Mode: mbgd, Cost: 338386.325000, Perc_C: 0.414758, Delta_Cost: 0.343435, Time: 33.668444
Mode: mbgd, Cost: 337612.174106, Perc_C: 0.228777, Delta_Cost: 0.286106, Time: 33.814033
Mode: mbgd, Cost: 336556.933979, Perc_C: 0.312560, Delta_Cost: 0.299333, Time: 33.962383
Mode: mbgd, Cost: 335386.326010, Perc_C: 0.347819, Delta_Cost: 0.323576, Time: 34.106244
Mode: mbgd, Cost: 333939.232487, Perc_C: 0.431471, Delta_Cost: 0.377523, Time: 34.253004
Mode: mbgd, Cost: 333100.787818, Perc_C: 0.251077, Delta_Cost: 0.314300, Time: 34.393103
Mode: mbgd, Cost: 332782.693251, Perc_C: 0.095495, Delta_Cost: 0.204898, Time: 34.540296
Mode: mbgd, Cost: 331444.182326, Perc_C: 0.402218, Delta_Cost: 0.303558, Time: 34.684935
Mode: mbgd, Cost: 331372.562774, Perc_C: 0.021608, Delta_Cost: 0.162583, Time: 34.835312
Mode: mbgd, Cost: 331440.420726, Perc_C: 0.020478, Delta_Cost: 0.091530, Time: 34.977660
Mode: mbgd, Cost: 331420.236607, Perc_C: 0.006090, Delta_Cost: 0.048810, Time: 35.125895
Mode: mbgd, Cost: 331014.735270, Perc_C: 0.122353, Delta_Cost: 0.085581, Time: 35.270037
Mode: mbgd, Cost: 329976.440345, Perc_C: 0.313670, Delta_Cost: 0.199626, Time: 35.414158
Mode: mbgd, Cost: 329179.283424, Perc_C: 0.241580, Delta_Cost: 0.220603, Time: 35.562354
Mode: mbgd, Cost: 329121.000492, Perc_C: 0.017706, Delta_Cost: 0.119154, Time: 35.707962
Mode: mbgd, Cost: 328945.961302, Perc_C: 0.053184, Delta_Cost: 0.086169, Time: 35.854780
Mode: mbgd, Cost: 328263.829459, Perc_C: 0.207369, Delta_Cost: 0.146769, Time: 36.001835
Mode: mbgd, Cost: 327655.177097, Perc_C: 0.185416, Delta_Cost: 0.166092, Time: 36.149254
Mode: mbgd, Cost: 327226.739494, Perc_C: 0.130759, Delta_Cost: 0.148425, Time: 36.294364
Mode: mbgd, Cost: 326589.848268, Perc_C: 0.194633, Delta_Cost: 0.171529, Time: 36.438856
Mode: mbgd, Cost: 326422.643077, Perc_C: 0.051197, Delta_Cost: 0.111363, Time: 36.587042
Mode: mbgd, Cost: 326576.963592, Perc_C: 0.047276, Delta_Cost: 0.079320, Time: 36.733892
Mode: mbgd, Cost: 326456.885542, Perc_C: 0.036769, Delta_Cost: 0.058044, Time: 36.880631
Mode: mbgd, Cost: 326194.749469, Perc_C: 0.080297, Delta_Cost: 0.069171, Time: 37.023751
Mode: mbgd, Cost: 325807.742275, Perc_C: 0.118643, Delta_Cost: 0.093907, Time: 37.170416
Mode: mbgd, Cost: 325070.015065, Perc_C: 0.226430, Delta_Cost: 0.160169, Time: 37.314716
Mode: mbgd, Cost: 324708.361021, Perc_C: 0.111254, Delta_Cost: 0.135711, Time: 37.464559
Mode: mbgd, Cost: 324620.471077, Perc_C: 0.027067, Delta_Cost: 0.081389, Time: 37.607466
Mode: mbgd, Cost: 324389.458497, Perc_C: 0.071164, Delta_Cost: 0.076277, Time: 37.755311
Mode: mbgd, Cost: 324121.866368, Perc_C: 0.082491, Delta_Cost: 0.079384, Time: 37.900332
Mode: mbgd, Cost: 323769.247496, Perc_C: 0.108792, Delta_Cost: 0.094088, Time: 38.051028
Mode: mbgd, Cost: 324021.831096, Perc_C: 0.078013, Delta_Cost: 0.086051, Time: 38.195124
Mode: mbgd, Cost: 323827.091078, Perc_C: 0.060101, Delta_Cost: 0.073076, Time: 38.340361
Mode: mbgd, Cost: 323454.259972, Perc_C: 0.115133, Delta_Cost: 0.094104, Time: 38.486343
Mode: mbgd, Cost: 323221.527748, Perc_C: 0.071952, Delta_Cost: 0.083028, Time: 38.634440
Mode: mbgd, Cost: 322659.168393, Perc_C: 0.173986, Delta_Cost: 0.128507, Time: 38.779642
Mode: mbgd, Cost: 322283.849689, Perc_C: 0.116320, Delta_Cost: 0.122414, Time: 38.928349
Mode: mbgd, Cost: 322236.403147, Perc_C: 0.014722, Delta_Cost: 0.068568, Time: 39.074866
Mode: mbgd, Cost: 322047.105931, Perc_C: 0.058745, Delta_Cost: 0.063656, Time: 39.226179
Mode: mbgd, Cost: 321763.681149, Perc_C: 0.088007, Delta_Cost: 0.075832, Time: 39.370979
Mode: mbgd, Cost: 321636.316923, Perc_C: 0.039583, Delta_Cost: 0.057707, Time: 39.520182
Mode: mbgd, Cost: 321131.995422, Perc_C: 0.156799, Delta_Cost: 0.107253, Time: 39.665592
Mode: mbgd, Cost: 320864.953114, Perc_C: 0.083157, Delta_Cost: 0.095205, Time: 39.811165
Mode: mbgd, Cost: 320344.158728, Perc_C: 0.162310, Delta_Cost: 0.128757, Time: 39.960359
Mode: mbgd, Cost: 320198.537744, Perc_C: 0.045458, Delta_Cost: 0.087107, Time: 40.108175
Mode: mbgd, Cost: 319935.835255, Perc_C: 0.082044, Delta_Cost: 0.084576, Time: 40.256651
Mode: mbgd, Cost: 319913.199742, Perc_C: 0.007075, Delta_Cost: 0.045825, Time: 40.399430
Mode: mbgd, Cost: 319923.457304, Perc_C: 0.003206, Delta_Cost: 0.024516, Time: 40.545523
Mode: mbgd, Cost: 319861.480154, Perc_C: 0.019372, Delta_Cost: 0.021944, Time: 40.692422
Mode: mbgd, Cost: 319831.552551, Perc_C: 0.009356, Delta_Cost: 0.015650, Time: 40.841134
Mode: mbgd, Cost: 319628.829769, Perc_C: 0.063384, Delta_Cost: 0.039517, Time: 40.983315
Mode: mbgd, Cost: 319602.821879, Perc_C: 0.008137, Delta_Cost: 0.023827, Time: 41.129479
Mode: mbgd, Cost: 319425.656273, Perc_C: 0.055433, Delta_Cost: 0.039630, Time: 41.271491
Mode: mbgd, Cost: 319364.561033, Perc_C: 0.019127, Delta_Cost: 0.029378, Time: 41.416831
Mode: mbgd, Cost: 319138.386122, Perc_C: 0.070820, Delta_Cost: 0.050099, Time: 41.561234
Mode: mbgd, Cost: 319087.574265, Perc_C: 0.015922, Delta_Cost: 0.033010, Time: 41.707133
Mode: mbgd, Cost: 319067.540524, Perc_C: 0.006278, Delta_Cost: 0.019644, Time: 41.852354
Mode: mbgd, Cost: 319095.462614, Perc_C: 0.008751, Delta_Cost: 0.014198, Time: 41.998105
Mode: mbgd, Cost: 319082.394476, Perc_C: 0.004095, Delta_Cost: 0.009147, Time: 42.147770
Mode mbgd, num iter 288
 time:
[0.14485600000000431, 0.28393500000004224, 0.4266020000000026, 0.5722749999999905, 0.7197049999999763, 0.8627529999999979, 1.0088739999999916, 1.1505690000000186, 1.2935860000000048, 1.4430419999999913, 1.5918910000000324, 1.7347280000000183, 1.881744000000026, 2.023857000000021, 2.1676519999999755, 2.315650000000005, 2.459834999999998, 2.605163999999945, 2.7480239999999867, 2.8957319999999527, 3.0361689999999726, 3.1767999999999574, 3.321380999999974, 3.4641789999999446, 3.6086799999999357, 3.754285999999979, 3.8984520000000202, 4.050436999999988, 4.1906999999999925, 4.33113400000002, 4.485862999999995, 4.6285669999999755, 4.778186000000005, 4.921208999999976, 5.064227999999957, 5.210125999999946, 5.352025000000026, 5.4952990000000455, 5.638385999999969, 5.788244999999961, 5.9322349999999915, 6.075579999999945, 6.223954999999933, 6.3668499999999995, 6.515419999999949, 6.664656000000036, 6.820163999999977, 6.967718999999988, 7.111730999999963, 7.265224999999987, 7.426408000000038, 7.593602000000033, 7.750499999999988, 7.910073000000011, 8.056909000000019, 8.201434999999947, 8.351180999999997, 8.505416999999966, 8.64989300000002, 8.797302999999943, 8.942133000000013, 9.084127999999964, 9.23724500000003, 9.383325000000013, 9.528483999999935, 9.672312000000034, 9.818781999999942, 9.967562000000044, 10.112694000000033, 10.255537000000004, 10.401748999999995, 10.547284999999988, 10.692187999999987, 10.832603999999947, 10.984816000000023, 11.129163999999946, 11.274652999999944, 11.423093999999992, 11.568925000000036, 11.712062999999944, 11.855811000000017, 12.004126000000042, 12.151598000000035, 12.29336699999999, 12.438085999999998, 12.582821999999965, 12.730466999999976, 12.874071999999956, 13.016224999999963, 13.156776000000036, 13.299444999999992, 13.44527400000004, 13.588203000000021, 13.731160000000045, 13.879296999999951, 14.026010000000042, 14.171108000000004, 14.316810000000032, 14.461634000000004, 14.610481999999934, 14.754701999999952, 14.899112999999943, 15.040076999999997, 15.185269999999946, 15.328881000000024, 15.481691999999953, 15.624393999999938, 15.768956000000003, 15.915295000000015, 16.062219000000027, 16.20461499999999, 16.352097999999955, 16.50368800000001, 16.64741700000002, 16.79157799999996, 16.939130999999975, 17.086751999999933, 17.229241000000002, 17.368943999999942, 17.514880999999946, 17.655794000000014, 17.803559999999948, 17.950724000000037, 18.099872000000005, 18.24432300000001, 18.39059599999996, 18.53654700000004, 18.682409000000007, 18.82557399999996, 18.972147999999947, 19.11508600000002, 19.261054999999942, 19.40190199999995, 19.54964599999994, 19.697626000000014, 19.843834000000015, 19.990725999999995, 20.14459199999999, 20.284635999999978, 20.436598000000004, 20.57715399999995, 20.718555000000038, 20.863886999999977, 21.01198099999999, 21.154645999999957, 21.297263000000044, 21.446545000000015, 21.589032999999972, 21.73228800000004, 21.87799199999995, 22.026351999999974, 22.174350000000004, 22.31713000000002, 22.468072000000006, 22.613886999999977, 22.764320999999995, 22.908411, 23.055213999999978, 23.19729499999994, 23.34101899999996, 23.484339999999975, 23.629226000000017, 23.771609000000012, 23.92067099999997, 24.06937400000004, 24.21445600000004, 24.361522000000036, 24.50444200000004, 24.648402000000033, 24.79956500000003, 24.947844000000032, 25.09297200000003, 25.235365, 25.388146000000006, 25.533149999999978, 25.677123999999935, 25.82110799999998, 25.968430000000012, 26.112644000000046, 26.255102999999963, 26.400646999999935, 26.546149000000014, 26.687000000000012, 26.833698000000027, 26.981007999999974, 27.121779999999944, 27.267113999999992, 27.411403999999948, 27.564809999999966, 27.713494999999966, 27.857889, 28.006839000000014, 28.15038100000004, 28.29945799999996, 28.440981999999963, 28.58537899999999, 28.731243999999947, 28.87490200000002, 29.019277999999986, 29.164087999999992, 29.307544000000007, 29.452703000000042, 29.59931800000004, 29.744946000000027, 29.891928000000007, 30.03757799999994, 30.18629599999997, 30.327850000000012, 30.474939999999947, 30.61549500000001, 30.761724999999956, 30.905840000000012, 31.052167999999938, 31.193289999999934, 31.340813000000026, 31.48542599999996, 31.628610999999978, 31.77312900000004, 31.922316000000023, 32.06681000000003, 32.212455999999975, 32.354619999999954, 32.50322700000004, 32.647699999999986, 32.791291, 32.936928999999964, 33.08732599999996, 33.23248100000001, 33.37778000000003, 33.52212099999997, 33.66846199999998, 33.81405099999995, 33.96240599999999, 34.10626100000002, 34.25302499999998, 34.39312099999995, 34.540314999999964, 34.68495299999995, 34.835339999999974, 34.97767699999997, 35.12591299999997, 35.27005499999996, 35.41418699999997, 35.56237199999998, 35.707986000000005, 35.85479699999996, 36.00189999999998, 36.149271, 36.29438300000004, 36.43887499999994, 36.58706399999994, 36.73390900000004, 36.88064799999995, 37.02376800000002, 37.17043799999999, 37.31474300000002, 37.46458199999995, 37.607483, 37.75532899999996, 37.90035, 38.05105000000003, 38.19514200000003, 38.340378999999984, 38.48636099999999, 38.634457999999995, 38.779660000000035, 38.92836599999998, 39.074884, 39.22619599999996, 39.37100399999997, 39.52019799999994, 39.66561100000001, 39.81118300000003, 39.960376999999994, 40.10819300000003, 40.25667099999998, 40.39944700000001, 40.54554099999996, 40.692439000000036, 40.84115099999997, 40.98333200000002, 41.12949900000001, 41.27150700000004, 41.416859000000045, 41.56124999999997, 41.70715899999993, 41.85237099999995, 41.998134999999934]
costs:
[640462.9800007797, 638584.3108108288, 636098.433244429, 634961.3778320593, 633083.0034337526, 631562.1306514681, 630435.8191914295, 628952.9887329123, 627995.9995548916, 626452.0112125762, 625310.8342142664, 625408.1082059393, 623947.8221925406, 622504.4474447037, 620939.463948794, 619390.091823441, 617035.4010728628, 616526.932305761, 614699.6440170279, 614153.1672605951, 612578.4610161321, 610980.6961529307, 610041.142671631, 608162.5600316769, 606149.899017082, 604259.1397518108, 602846.5320996472, 601275.6456730382, 599372.270638099, 597753.8772357145, 596845.9552226919, 595783.1939966579, 594681.8037038047, 593453.6243897891, 592043.4861840216, 590157.5492186544, 587784.0639079591, 586747.3005726436, 585293.2081682198, 584278.1569963172, 582636.0767491576, 580186.6080018969, 580096.1912255681, 578915.224613781, 579350.5189447914, 577391.1630647681, 575404.2688888473, 575357.2263045369, 573456.3738981548, 573404.7329997582, 572648.9122052698, 570638.2321938025, 568613.5339344854, 568046.9973288549, 565981.7613440859, 565374.6470505117, 563940.4233636468, 563340.2608471087, 562318.7989032911, 561304.6178476374, 560319.7276734188, 558921.068390257, 557382.7803219424, 555233.3436557413, 553837.1988101949, 552664.9851475577, 550197.6226499, 548338.1122359685, 547793.6732951684, 546124.3649473619, 544618.0080566655, 543521.3924364585, 542588.2377646675, 541337.0939265932, 540833.6110688348, 538770.9488164954, 537706.018259785, 536080.9287002556, 534454.670573254, 532442.773921547, 530950.5489634642, 529114.7653411902, 527044.4933277672, 525677.2330381715, 523724.17399583245, 522243.5165889216, 522042.18030983815, 520550.6643932626, 518290.5498692572, 517195.9271347678, 515639.3354267337, 514528.70502224326, 513463.4355910726, 511586.3172049382, 511012.55025811226, 509610.493931883, 507771.02887337876, 506617.8853047433, 505128.59280222637, 504037.4615407968, 503838.9411140935, 502842.6809956649, 501722.9117652905, 500673.8135131999, 500470.22606028494, 497993.8691445981, 496232.23427229817, 493817.5510044845, 491929.20974641247, 489911.44014144305, 488563.822183598, 488387.74519947113, 487132.5885566245, 484745.11316226923, 482898.5997415007, 482844.94761233847, 481745.6357134465, 479680.7449465777, 478569.4158257227, 476110.6279137282, 474103.0020587859, 472460.31789627194, 470120.65530125774, 469101.9744839554, 467630.10463932826, 465210.24624686217, 463872.8997499752, 462411.7444174265, 461377.77027412126, 460696.85696911777, 459252.574422646, 458271.4230397609, 458525.4022752542, 457568.6115479411, 456184.11173012503, 454857.1430896069, 453818.6655290621, 451962.7590346485, 450440.44407391956, 449012.02042000747, 448592.2877964751, 447115.35574392753, 445667.51496686, 444200.5954500806, 444115.9469200719, 443095.1086674389, 440763.1315763442, 439628.66624604235, 438647.7218834008, 437185.39847485384, 436674.90613092954, 436048.5842586609, 435473.09293715487, 433967.48232657835, 432518.19301416015, 431459.7348728562, 429559.29784237576, 428025.10237486544, 427860.2979430865, 425941.10406438, 424811.1416755942, 424192.0201696269, 422793.1393910453, 420902.539926895, 419856.93190432625, 419215.90470525326, 418063.4881995732, 416591.7127871468, 415024.5486805876, 414065.88579584204, 412483.46389373584, 412336.71303824574, 410902.24263156496, 408566.08368324465, 406600.55666196014, 406365.1109258489, 404764.37576009316, 402484.1221613672, 401414.09022623027, 400404.81921090663, 397977.0494345307, 396316.7415753376, 395349.11499706004, 394402.26924972073, 393038.8944270193, 393368.08033976884, 391274.07661780954, 389569.33463430696, 388184.9740672826, 386815.114686622, 385799.5463886369, 385229.83885893173, 384228.42194792815, 383007.4159735867, 381862.6910687361, 379889.68739934557, 378458.0052953127, 377474.9943057136, 375093.0345530773, 374033.74649568653, 371645.78973713436, 370494.58470283303, 368994.72078399017, 368329.77793717064, 368662.90540323383, 366657.2532658895, 365612.6626021891, 364120.39297977334, 362730.6446247112, 361244.91916793, 359364.1576053751, 358707.486010171, 358572.57021714415, 356214.8142905369, 355583.3518190774, 354417.022166796, 352056.4460754492, 350603.1942355285, 349638.268688467, 348335.06040189334, 348139.17862784583, 346815.6273630083, 346793.96219444287, 345387.36434251076, 344706.5946061491, 344206.634673325, 342894.9936896147, 341398.7673263881, 340671.30903767137, 339795.655398532, 338386.32500004454, 337612.17410590197, 336556.93397929164, 335386.32601028227, 333939.23248742876, 333100.78781805985, 332782.693250662, 331444.18232630007, 331372.5627741687, 331440.42072565656, 331420.2366072757, 331014.7352696084, 329976.44034492853, 329179.28342397464, 329121.0004917625, 328945.9613023448, 328263.82945890626, 327655.1770968475, 327226.73949413764, 326589.8482684113, 326422.64307703834, 326576.96359167044, 326456.88554245065, 326194.7494690221, 325807.74227481376, 325070.01506517566, 324708.3610209057, 324620.47107696143, 324389.45849728066, 324121.8663682516, 323769.24749627215, 324021.83109551534, 323827.0910782795, 323454.2599720086, 323221.5277484395, 322659.1683928994, 322283.8496889729, 322236.4031470527, 322047.1059307688, 321763.68114948005, 321636.31692326575, 321131.9954219532, 320864.95311355375, 320344.1587278298, 320198.5377440309, 319935.83525477233, 319913.1997417038, 319923.4573041089, 319861.4801544151, 319831.5525505367, 319628.82976908406, 319602.8218794926, 319425.6562732606, 319364.56103333563, 319138.38612247014, 319087.57426531485, 319067.54052431806, 319095.46261445136]

